<?xml version="1.0" encoding="UTF-8"?>
<testng-results skipped="0" failed="0" total="1" passed="1">
  <reporter-output>
  </reporter-output>
  <suite name="Default suite" duration-ms="10" started-at="2022-05-11T23:00:36Z" finished-at="2022-05-11T23:00:36Z">
    <groups>
    </groups>
    <test name="Default test" duration-ms="10" started-at="2022-05-11T23:00:36Z" finished-at="2022-05-11T23:00:36Z">
      <class name="appTestScripts.LearningAnnotations">
        <test-method status="PASS" signature="beforeSuite()[pri:0, instance:appTestScripts.LearningAnnotations@1e730495]" name="beforeSuite" is-config="true" duration-ms="4" started-at="2022-05-11T19:00:36Z" finished-at="2022-05-11T19:00:36Z">
          <reporter-output>
          </reporter-output>
        </test-method> <!-- beforeSuite -->
        <test-method status="PASS" signature="beforeTest()[pri:0, instance:appTestScripts.LearningAnnotations@1e730495]" name="beforeTest" is-config="true" duration-ms="0" started-at="2022-05-11T19:00:36Z" finished-at="2022-05-11T19:00:36Z">
          <reporter-output>
          </reporter-output>
        </test-method> <!-- beforeTest -->
        <test-method status="PASS" signature="beforeClass()[pri:0, instance:appTestScripts.LearningAnnotations@1e730495]" name="beforeClass" is-config="true" duration-ms="0" started-at="2022-05-11T19:00:36Z" finished-at="2022-05-11T19:00:36Z">
          <reporter-output>
          </reporter-output>
        </test-method> <!-- beforeClass -->
        <test-method status="PASS" signature="testMethod()[pri:0, instance:appTestScripts.LearningAnnotations@1e730495]" name="testMethod" duration-ms="3" started-at="2022-05-11T19:00:36Z" finished-at="2022-05-11T19:00:36Z">
          <reporter-output>
          </reporter-output>
        </test-method> <!-- testMethod -->
        <test-method status="PASS" signature="beforeMethod()[pri:0, instance:appTestScripts.LearningAnnotations@1e730495]" name="beforeMethod" is-config="true" duration-ms="0" started-at="2022-05-11T19:00:36Z" finished-at="2022-05-11T19:00:36Z">
          <reporter-output>
          </reporter-output>
        </test-method> <!-- beforeMethod -->
        <test-method status="PASS" signature="afterClass()[pri:0, instance:appTestScripts.LearningAnnotations@1e730495]" name="afterClass" is-config="true" duration-ms="0" started-at="2022-05-11T19:00:36Z" finished-at="2022-05-11T19:00:36Z">
          <reporter-output>
          </reporter-output>
        </test-method> <!-- afterClass -->
        <test-method status="PASS" signature="afterMethod()[pri:0, instance:appTestScripts.LearningAnnotations@1e730495]" name="afterMethod" is-config="true" duration-ms="0" started-at="2022-05-11T19:00:36Z" finished-at="2022-05-11T19:00:36Z">
          <reporter-output>
          </reporter-output>
        </test-method> <!-- afterMethod -->
        <test-method status="PASS" signature="afterTest()[pri:0, instance:appTestScripts.LearningAnnotations@1e730495]" name="afterTest" is-config="true" duration-ms="0" started-at="2022-05-11T19:00:36Z" finished-at="2022-05-11T19:00:36Z">
          <reporter-output>
          </reporter-output>
        </test-method> <!-- afterTest -->
        <test-method status="PASS" signature="afterSuite()[pri:0, instance:appTestScripts.LearningAnnotations@1e730495]" name="afterSuite" is-config="true" duration-ms="0" started-at="2022-05-11T19:00:36Z" finished-at="2022-05-11T19:00:36Z">
          <reporter-output>
          </reporter-output>
        </test-method> <!-- afterSuite -->
      </class> <!-- appTestScripts.LearningAnnotations -->
    </test> <!-- Default test -->
  </suite> <!-- Default suite -->
</testng-results>
