<?xml version="1.0" encoding="UTF-8"?>
<testng-results skipped="0" failed="0" total="3" passed="3">
  <reporter-output>
  </reporter-output>
  <suite name="Suite" duration-ms="23" started-at="2022-05-23T22:50:46Z" finished-at="2022-05-23T22:50:46Z">
    <groups>
      <group name="smoke">
        <method signature="NewClass.testOne()[pri:0, instance:appTestScripts.NewClass@1df82230]" name="testOne" class="appTestScripts.NewClass"/>
      </group> <!-- smoke -->
      <group name="sanity">
        <method signature="NewClass.testFour()[pri:0, instance:appTestScripts.NewClass@1df82230]" name="testFour" class="appTestScripts.NewClass"/>
        <method signature="NewClass.testOne()[pri:0, instance:appTestScripts.NewClass@1df82230]" name="testOne" class="appTestScripts.NewClass"/>
        <method signature="NewClass.testTwo()[pri:0, instance:appTestScripts.NewClass@1df82230]" name="testTwo" class="appTestScripts.NewClass"/>
      </group> <!-- sanity -->
    </groups>
    <test name="Test" duration-ms="23" started-at="2022-05-23T22:50:46Z" finished-at="2022-05-23T22:50:46Z">
      <class name="appTestScripts.NewClass">
        <test-method status="PASS" signature="testFour()[pri:0, instance:appTestScripts.NewClass@1df82230]" name="testFour" duration-ms="8" started-at="2022-05-23T18:50:46Z" finished-at="2022-05-23T18:50:46Z">
          <reporter-output>
          </reporter-output>
        </test-method> <!-- testFour -->
        <test-method status="PASS" signature="testOne()[pri:0, instance:appTestScripts.NewClass@1df82230]" name="testOne" duration-ms="1" started-at="2022-05-23T18:50:46Z" finished-at="2022-05-23T18:50:46Z">
          <reporter-output>
          </reporter-output>
        </test-method> <!-- testOne -->
        <test-method status="PASS" signature="testTwo()[pri:0, instance:appTestScripts.NewClass@1df82230]" name="testTwo" duration-ms="0" started-at="2022-05-23T18:50:46Z" finished-at="2022-05-23T18:50:46Z">
          <reporter-output>
          </reporter-output>
        </test-method> <!-- testTwo -->
      </class> <!-- appTestScripts.NewClass -->
    </test> <!-- Test -->
  </suite> <!-- Suite -->
</testng-results>
