<?xml version="1.0" encoding="UTF-8"?>
<!-- Generated by org.testng.reporters.JUnitXMLReporter -->
<testsuite hostname="DESKTOP-E69K95O" name="Default test" tests="4" failures="0" timestamp="23 May 2022 21:58:22 GMT" time="0.019" errors="0">
  <testcase name="testFour" time="0.007" classname="appTestScripts.NewClass"/>
  <testcase name="testOne" time="0.0" classname="appTestScripts.NewClass"/>
  <testcase name="testThree" time="0.0" classname="appTestScripts.NewClass"/>
  <testcase name="testTwo" time="0.001" classname="appTestScripts.NewClass"/>
</testsuite> <!-- Default test -->
