<?xml version="1.0" encoding="UTF-8"?>
<!-- Generated by org.testng.reporters.JUnitXMLReporter -->
<testsuite hostname="DESKTOP-E69K95O" name="Test" tests="1" failures="1" timestamp="12 May 2022 01:32:04 GMT" time="0.022" errors="0">
  <testcase name="problemUserLogin" time="0.011" classname="appTestScripts.AllScript">
    <failure type="java.lang.NullPointerException">
      <![CDATA[java.lang.NullPointerException
	at appTestScripts.AllScript.problemUserLogin(AllScript.java:41)
... Removed 24 stack frames]]>
    </failure>
  </testcase> <!-- problemUserLogin -->
</testsuite> <!-- Test -->
